Start testing: Aug 12 16:20 CEST
----------------------------------------------------------
1/1 Testing: Vector_test
1/1 Test: Vector_test
Command: "/home/norbert/Documents/c_projects/c_collections/build/vector/Vector_test"
Directory: /home/norbert/Documents/c_projects/c_collections/build/vector
"Vector_test" start time: Aug 12 16:20 CEST
Output:
----------------------------------------------------------
Tests passed!
<end of output>
Test time =   0.00 sec
----------------------------------------------------------
Test Passed.
"Vector_test" end time: Aug 12 16:20 CEST
"Vector_test" time elapsed: 00:00:00
----------------------------------------------------------

End testing: Aug 12 16:20 CEST
