Start testing: Aug 08 15:52 CEST
----------------------------------------------------------
1/1 Testing: HashTable_test
1/1 Test: HashTable_test
Command: "/home/norbert/Documents/c_projects/c_collections/build/hash_table/HashTable_test"
Directory: /home/norbert/Documents/c_projects/c_collections/build/hash_table
"HashTable_test" start time: Aug 08 15:52 CEST
Output:
----------------------------------------------------------
<end of output>
Test time =   0.00 sec
----------------------------------------------------------
Test Passed.
"HashTable_test" end time: Aug 08 15:52 CEST
"HashTable_test" time elapsed: 00:00:00
----------------------------------------------------------

End testing: Aug 08 15:52 CEST
